<?xml version="1.0" encoding="UTF-8"?>
<!-- Generated by org.testng.reporters.JUnitReportReporter -->
<testsuite skipped="0" hostname="LP-PC0MQFYK" name="Com.crm.qa.TestCases.LoginPageTest" tests="4" failures="0" timestamp="22 Jul 2018 07:47:06 GMT" time="54.105" errors="0">
  <testcase name="FreeCRMTitleTest" time="39.006" classname="Com.crm.qa.TestCases.LoginPageTest"/>
  <testcase name="CRMLogoTest" time="0.048" classname="Com.crm.qa.TestCases.LoginPageTest"/>
  <testcase name="LoginTest" time="14.967" classname="Com.crm.qa.TestCases.LoginPageTest"/>
  <testcase name="VerifyusernameLabel" time="0.084" classname="Com.crm.qa.TestCases.LoginPageTest"/>
</testsuite> <!-- Com.crm.qa.TestCases.LoginPageTest -->
