<?xml version="1.0" encoding="UTF-8"?>
<!-- Generated by org.testng.reporters.JUnitReportReporter -->
<testsuite skipped="0" hostname="LP-PC0MQFYK" name="Com.crm.qa.TestCases.ContactsPageTest" tests="4" failures="0" timestamp="23 Jul 2018 09:51:16 GMT" time="32.545" errors="0">
  <testcase name="VerifyHomePageTitleTest" time="30.550" classname="Com.crm.qa.TestCases.ContactsPageTest"/>
  <testcase name="ClickOnContactsTest" time="1.927" classname="Com.crm.qa.TestCases.ContactsPageTest"/>
  <testcase name="VerifyContactPageLabelTest" time="0.038" classname="Com.crm.qa.TestCases.ContactsPageTest"/>
  <testcase name="VerifyContactsListTest" time="0.030" classname="Com.crm.qa.TestCases.ContactsPageTest"/>
</testsuite> <!-- Com.crm.qa.TestCases.ContactsPageTest -->
